<?xml version="1.0" encoding="UTF-8"?>
<!-- Generated by org.testng.reporters.JUnitReportReporter -->
<testsuite hostname="LAPTOP-UAMFKM25" failures="0" tests="1" name="TestRunner" time="5.720" errors="0" timestamp="2022-03-24T22:48:23 EDT" skipped="0">
  <testcase classname="TestRunner" name="runScenario" time="5.720"/>
  <system-out/>
</testsuite> <!-- TestRunner -->
