<?xml version="1.0" encoding="UTF-8"?>
<!-- Generated by org.testng.reporters.JUnitReportReporter -->
<testsuite hostname="LAPTOP-UAMFKM25" failures="0" tests="1" name="TestRunner" time="6.026" errors="0" timestamp="2022-03-25T18:44:50 EDT" skipped="0">
  <testcase classname="TestRunner" name="runScenario" time="6.026"/>
  <system-out/>
</testsuite> <!-- TestRunner -->
